<?xml version="1.0" encoding="UTF-8"?>
<testng-results ignored="0" total="1" passed="1" failed="0" skipped="0">
  <reporter-output>
  </reporter-output>
  <suite started-at="2023-08-01T20:33:11 IST" name="Default suite" finished-at="2023-08-01T20:33:11 IST" duration-ms="169">
    <groups>
    </groups>
    <test started-at="2023-08-01T20:33:11 IST" name="Default test" finished-at="2023-08-01T20:33:11 IST" duration-ms="169">
      <class name="Vtiger.Practice.ReadDataFromCmdLineTest">
        <test-method signature="read()[pri:0, instance:Vtiger.Practice.ReadDataFromCmdLineTest@14dd9eb7]" started-at="2023-08-01T20:33:11 IST" name="read" finished-at="2023-08-01T20:33:11 IST" duration-ms="46" status="PASS">
          <reporter-output>
          </reporter-output>
        </test-method> <!-- read -->
      </class> <!-- Vtiger.Practice.ReadDataFromCmdLineTest -->
    </test> <!-- Default test -->
  </suite> <!-- Default suite -->
</testng-results>
