<?xml version="1.0" encoding="UTF-8"?>
<!-- Generated by org.testng.reporters.JUnitXMLReporter -->
<testsuite ignored="0" hostname="DESKTOP-K3RTBTI" failures="1" tests="2" name="Test" time="148.713" errors="0" timestamp="2023-07-27T21:54:08 IST">
  <testcase classname="Vtiger.ContactsTests.CreateContactwithOrgusingObjectRepositoryTest" name="createcontactwithorgTest" time="49.143"/>
  <testcase classname="Vtiger.ContactsTests.CreateContactwithOrgusingObjectRepositoryTest" name="demotest" time="0.028">
    <failure type="java.lang.AssertionError" message="null">
      <![CDATA[java.lang.AssertionError: null
at Vtiger.ContactsTests.CreateContactwithOrgusingObjectRepositoryTest.demotest(CreateContactwithOrgusingObjectRepositoryTest.java:86)
at java.base/java.util.ArrayList.forEach(ArrayList.java:1511)
... Removed 27 stack frames]]>
    </failure>
  </testcase> <!-- demotest -->
</testsuite> <!-- Test -->
